mode: set
github.com/sw-testing-cd/unit-test-deps-http/main.go:23.13,37.6 9 0
github.com/sw-testing-cd/unit-test-deps-http/main.go:37.6,52.17 13 0
github.com/sw-testing-cd/unit-test-deps-http/main.go:53.12,54.29 1 0
github.com/sw-testing-cd/unit-test-deps-http/main.go:55.12,56.32 1 0
github.com/sw-testing-cd/unit-test-deps-http/main.go:57.12,58.27 1 0
github.com/sw-testing-cd/unit-test-deps-http/main.go:59.12,60.20 1 0
github.com/sw-testing-cd/unit-test-deps-http/main.go:61.12,62.18 1 0
github.com/sw-testing-cd/unit-test-deps-http/main.go:63.12,64.14 1 0
github.com/sw-testing-cd/unit-test-deps-http/main.go:65.11,67.14 2 0
github.com/sw-testing-cd/unit-test-deps-http/main.go:73.46,75.38 2 1
github.com/sw-testing-cd/unit-test-deps-http/main.go:80.2,80.34 1 1
github.com/sw-testing-cd/unit-test-deps-http/main.go:83.2,87.10 5 1
github.com/sw-testing-cd/unit-test-deps-http/main.go:75.38,79.3 1 1
github.com/sw-testing-cd/unit-test-deps-http/main.go:80.34,82.3 1 1
github.com/sw-testing-cd/unit-test-deps-http/main.go:91.27,93.16 2 0
github.com/sw-testing-cd/unit-test-deps-http/main.go:97.2,97.33 1 0
github.com/sw-testing-cd/unit-test-deps-http/main.go:93.16,95.13 2 0
github.com/sw-testing-cd/unit-test-deps-http/main.go:101.23,102.16 1 0
github.com/sw-testing-cd/unit-test-deps-http/main.go:102.16,103.13 1 0
github.com/sw-testing-cd/unit-test-deps-http/main.go:108.41,110.2 1 1
github.com/sw-testing-cd/unit-test-deps-http/mocks.go:12.31,14.2 1 1
github.com/sw-testing-cd/unit-test-deps-http/mocks.go:17.32,17.33 0 1
github.com/sw-testing-cd/unit-test-deps-http/mocks.go:20.49,23.2 2 1
github.com/sw-testing-cd/unit-test-deps-http/mocks.go:29.50,31.2 1 1
github.com/sw-testing-cd/unit-test-deps-http/mocks.go:37.56,39.2 1 0
github.com/sw-testing-cd/unit-test-deps-http/mocks.go:42.53,44.2 1 0
github.com/sw-testing-cd/unit-test-deps-http/mocks.go:47.60,49.2 1 1
github.com/sw-testing-cd/unit-test-deps-http/mocks.go:52.61,54.2 1 0
github.com/sw-testing-cd/unit-test-deps-http/mocks.go:57.81,59.2 1 0
github.com/sw-testing-cd/unit-test-deps-http/mocks.go:62.64,67.2 4 1
github.com/sw-testing-cd/unit-test-deps-http/mocks.go:73.51,75.2 1 0
github.com/sw-testing-cd/unit-test-deps-http/mocks.go:78.51,80.2 1 0
github.com/sw-testing-cd/unit-test-deps-http/mocks.go:83.70,85.2 1 0
github.com/sw-testing-cd/unit-test-deps-http/retirement.go:29.37,34.44 3 0
github.com/sw-testing-cd/unit-test-deps-http/retirement.go:38.2,66.16 16 0
github.com/sw-testing-cd/unit-test-deps-http/retirement.go:69.2,69.22 1 0
github.com/sw-testing-cd/unit-test-deps-http/retirement.go:34.44,36.3 1 0
github.com/sw-testing-cd/unit-test-deps-http/retirement.go:66.16,68.3 1 0
github.com/sw-testing-cd/unit-test-deps-http/retirement.go:74.74,77.16 3 1
github.com/sw-testing-cd/unit-test-deps-http/retirement.go:85.2,86.19 2 1
github.com/sw-testing-cd/unit-test-deps-http/retirement.go:77.16,80.23 3 1
github.com/sw-testing-cd/unit-test-deps-http/retirement.go:80.23,83.4 2 1
github.com/sw-testing-cd/unit-test-deps-http/retirement.go:91.55,94.2 2 1
github.com/sw-testing-cd/unit-test-deps-http/retirement.go:97.52,103.2 4 0
github.com/sw-testing-cd/unit-test-deps-http/retirement.go:106.54,108.2 1 0
github.com/sw-testing-cd/unit-test-deps-http/retirement.go:111.53,134.16 10 0
github.com/sw-testing-cd/unit-test-deps-http/retirement.go:138.2,138.32 1 0
github.com/sw-testing-cd/unit-test-deps-http/retirement.go:134.16,136.3 1 0
github.com/sw-testing-cd/unit-test-deps-http/retirement.go:142.48,146.16 4 0
github.com/sw-testing-cd/unit-test-deps-http/retirement.go:149.2,149.11 1 0
github.com/sw-testing-cd/unit-test-deps-http/retirement.go:146.16,148.3 1 0
github.com/sw-testing-cd/unit-test-deps-http/tip.go:14.21,23.16 8 0
github.com/sw-testing-cd/unit-test-deps-http/tip.go:27.2,27.43 1 0
github.com/sw-testing-cd/unit-test-deps-http/tip.go:23.16,25.3 1 0
github.com/sw-testing-cd/unit-test-deps-http/tip.go:31.80,39.63 7 1
github.com/sw-testing-cd/unit-test-deps-http/tip.go:47.2,47.6 1 1
github.com/sw-testing-cd/unit-test-deps-http/tip.go:57.2,57.20 1 1
github.com/sw-testing-cd/unit-test-deps-http/tip.go:39.63,40.39 1 1
github.com/sw-testing-cd/unit-test-deps-http/tip.go:45.3,45.21 1 1
github.com/sw-testing-cd/unit-test-deps-http/tip.go:40.39,43.4 2 1
github.com/sw-testing-cd/unit-test-deps-http/tip.go:47.6,53.21 6 1
github.com/sw-testing-cd/unit-test-deps-http/tip.go:53.21,54.9 1 1
github.com/sw-testing-cd/unit-test-deps-http/bmi.go:37.36,43.37 4 0
github.com/sw-testing-cd/unit-test-deps-http/bmi.go:47.2,51.16 5 0
github.com/sw-testing-cd/unit-test-deps-http/bmi.go:56.2,58.16 3 0
github.com/sw-testing-cd/unit-test-deps-http/bmi.go:63.2,65.16 3 0
github.com/sw-testing-cd/unit-test-deps-http/bmi.go:70.2,71.16 2 0
github.com/sw-testing-cd/unit-test-deps-http/bmi.go:76.2,92.16 6 0
github.com/sw-testing-cd/unit-test-deps-http/bmi.go:95.2,95.12 1 0
github.com/sw-testing-cd/unit-test-deps-http/bmi.go:43.37,45.3 1 0
github.com/sw-testing-cd/unit-test-deps-http/bmi.go:51.16,54.3 2 0
github.com/sw-testing-cd/unit-test-deps-http/bmi.go:58.16,61.3 2 0
github.com/sw-testing-cd/unit-test-deps-http/bmi.go:65.16,68.3 2 0
github.com/sw-testing-cd/unit-test-deps-http/bmi.go:71.16,74.3 2 0
github.com/sw-testing-cd/unit-test-deps-http/bmi.go:92.16,94.3 1 0
github.com/sw-testing-cd/unit-test-deps-http/bmi.go:99.66,100.42 1 1
github.com/sw-testing-cd/unit-test-deps-http/bmi.go:104.2,107.33 4 1
github.com/sw-testing-cd/unit-test-deps-http/bmi.go:100.42,103.3 1 1
github.com/sw-testing-cd/unit-test-deps-http/bmi.go:110.40,112.16 2 1
github.com/sw-testing-cd/unit-test-deps-http/bmi.go:124.2,124.18 1 1
github.com/sw-testing-cd/unit-test-deps-http/bmi.go:113.19,114.40 1 0
github.com/sw-testing-cd/unit-test-deps-http/bmi.go:115.14,116.49 1 1
github.com/sw-testing-cd/unit-test-deps-http/bmi.go:117.18,118.44 1 0
github.com/sw-testing-cd/unit-test-deps-http/bmi.go:119.13,120.44 1 0
github.com/sw-testing-cd/unit-test-deps-http/bmi.go:121.15,122.49 1 0
github.com/sw-testing-cd/unit-test-deps-http/bmi.go:129.49,131.2 1 1
github.com/sw-testing-cd/unit-test-deps-http/bmi.go:134.53,136.2 1 1
github.com/sw-testing-cd/unit-test-deps-http/bmi.go:139.36,140.9 1 1
github.com/sw-testing-cd/unit-test-deps-http/bmi.go:150.2,150.16 1 0
github.com/sw-testing-cd/unit-test-deps-http/bmi.go:141.18,142.21 1 1
github.com/sw-testing-cd/unit-test-deps-http/bmi.go:143.31,144.16 1 1
github.com/sw-testing-cd/unit-test-deps-http/bmi.go:145.31,146.20 1 1
github.com/sw-testing-cd/unit-test-deps-http/bmi.go:147.17,148.15 1 1
github.com/sw-testing-cd/unit-test-deps-http/bmi.go:154.45,160.2 4 1
github.com/sw-testing-cd/unit-test-deps-http/bmi.go:163.37,167.16 4 0
github.com/sw-testing-cd/unit-test-deps-http/bmi.go:170.2,170.11 1 0
github.com/sw-testing-cd/unit-test-deps-http/bmi.go:167.16,169.3 1 0
github.com/sw-testing-cd/unit-test-deps-http/bmi.go:174.51,176.2 1 0
github.com/sw-testing-cd/unit-test-deps-http/bmi.go:179.50,182.16 3 1
github.com/sw-testing-cd/unit-test-deps-http/bmi.go:185.3,186.17 2 1
github.com/sw-testing-cd/unit-test-deps-http/bmi.go:189.3,190.17 2 1
github.com/sw-testing-cd/unit-test-deps-http/bmi.go:194.2,206.16 4 1
github.com/sw-testing-cd/unit-test-deps-http/bmi.go:210.2,210.32 1 1
github.com/sw-testing-cd/unit-test-deps-http/bmi.go:182.16,184.3 1 0
github.com/sw-testing-cd/unit-test-deps-http/bmi.go:186.17,188.3 1 0
github.com/sw-testing-cd/unit-test-deps-http/bmi.go:190.17,192.3 1 0
github.com/sw-testing-cd/unit-test-deps-http/bmi.go:206.16,208.3 1 0
github.com/sw-testing-cd/unit-test-deps-http/dblayer.go:20.49,22.2 1 0
github.com/sw-testing-cd/unit-test-deps-http/dblayer.go:55.50,57.2 1 0
github.com/sw-testing-cd/unit-test-deps-http/dblayer.go:60.65,63.16 3 0
github.com/sw-testing-cd/unit-test-deps-http/dblayer.go:66.2,66.23 1 0
github.com/sw-testing-cd/unit-test-deps-http/dblayer.go:63.16,65.3 1 0
github.com/sw-testing-cd/unit-test-deps-http/dblayer.go:70.56,72.2 1 0
github.com/sw-testing-cd/unit-test-deps-http/distance.go:11.32,19.16 6 0
github.com/sw-testing-cd/unit-test-deps-http/distance.go:23.2,33.12 9 0
github.com/sw-testing-cd/unit-test-deps-http/distance.go:19.16,22.3 2 0
github.com/sw-testing-cd/unit-test-deps-http/distance.go:37.56,41.2 3 1
github.com/sw-testing-cd/unit-test-deps-http/distance.go:44.37,46.2 1 1
github.com/sw-testing-cd/unit-test-deps-http/email.go:14.23,27.26 9 0
github.com/sw-testing-cd/unit-test-deps-http/email.go:32.2,32.17 1 0
github.com/sw-testing-cd/unit-test-deps-http/email.go:27.26,29.3 1 0
github.com/sw-testing-cd/unit-test-deps-http/email.go:29.8,31.3 1 0
github.com/sw-testing-cd/unit-test-deps-http/email.go:36.39,39.2 2 1
