mode: set
drbyronw/sw-test-assign1_S17/bmi.go:20.27,28.16 7 1
drbyronw/sw-test-assign1_S17/bmi.go:33.2,35.16 3 0
drbyronw/sw-test-assign1_S17/bmi.go:40.2,42.16 3 0
drbyronw/sw-test-assign1_S17/bmi.go:47.2,48.16 2 0
drbyronw/sw-test-assign1_S17/bmi.go:53.2,56.16 3 0
drbyronw/sw-test-assign1_S17/bmi.go:68.2,71.12 3 0
drbyronw/sw-test-assign1_S17/bmi.go:28.16,31.3 2 1
drbyronw/sw-test-assign1_S17/bmi.go:35.16,38.3 2 0
drbyronw/sw-test-assign1_S17/bmi.go:42.16,45.3 2 0
drbyronw/sw-test-assign1_S17/bmi.go:48.16,51.3 2 0
drbyronw/sw-test-assign1_S17/bmi.go:57.19,58.41 1 0
drbyronw/sw-test-assign1_S17/bmi.go:59.14,60.50 1 0
drbyronw/sw-test-assign1_S17/bmi.go:61.18,62.45 1 0
drbyronw/sw-test-assign1_S17/bmi.go:63.13,64.45 1 0
drbyronw/sw-test-assign1_S17/bmi.go:65.15,66.50 1 0
drbyronw/sw-test-assign1_S17/bmi.go:75.66,76.42 1 1
drbyronw/sw-test-assign1_S17/bmi.go:80.2,83.33 4 1
drbyronw/sw-test-assign1_S17/bmi.go:76.42,79.3 1 1
drbyronw/sw-test-assign1_S17/bmi.go:87.49,89.2 1 1
drbyronw/sw-test-assign1_S17/bmi.go:92.53,94.2 1 1
drbyronw/sw-test-assign1_S17/bmi.go:97.36,98.9 1 1
drbyronw/sw-test-assign1_S17/bmi.go:108.2,108.16 1 0
drbyronw/sw-test-assign1_S17/bmi.go:99.18,100.21 1 1
drbyronw/sw-test-assign1_S17/bmi.go:101.31,102.16 1 1
drbyronw/sw-test-assign1_S17/bmi.go:103.31,104.20 1 1
drbyronw/sw-test-assign1_S17/bmi.go:105.17,106.15 1 1
drbyronw/sw-test-assign1_S17/distance.go:11.32,19.16 6 1
drbyronw/sw-test-assign1_S17/distance.go:23.2,33.12 9 0
drbyronw/sw-test-assign1_S17/distance.go:19.16,22.3 2 1
drbyronw/sw-test-assign1_S17/distance.go:37.56,41.2 3 1
drbyronw/sw-test-assign1_S17/distance.go:44.37,46.2 1 1
drbyronw/sw-test-assign1_S17/email.go:14.23,27.26 9 0
drbyronw/sw-test-assign1_S17/email.go:32.2,32.17 1 0
drbyronw/sw-test-assign1_S17/email.go:27.26,29.3 1 0
drbyronw/sw-test-assign1_S17/email.go:29.8,31.3 1 0
drbyronw/sw-test-assign1_S17/email.go:36.39,39.2 2 1
drbyronw/sw-test-assign1_S17/main.go:9.13,11.6 1 0
drbyronw/sw-test-assign1_S17/main.go:11.6,25.17 12 0
drbyronw/sw-test-assign1_S17/main.go:26.12,27.22 1 0
drbyronw/sw-test-assign1_S17/main.go:28.12,29.25 1 0
drbyronw/sw-test-assign1_S17/main.go:30.12,31.27 1 0
drbyronw/sw-test-assign1_S17/main.go:32.12,33.20 1 0
drbyronw/sw-test-assign1_S17/main.go:34.12,35.18 1 0
drbyronw/sw-test-assign1_S17/main.go:36.12,37.14 1 0
drbyronw/sw-test-assign1_S17/main.go:38.11,40.14 2 0
drbyronw/sw-test-assign1_S17/main.go:46.23,47.16 1 0
drbyronw/sw-test-assign1_S17/main.go:47.16,48.13 1 0
drbyronw/sw-test-assign1_S17/retirement.go:9.28,28.12 15 0
drbyronw/sw-test-assign1_S17/retirement.go:28.12,31.3 2 0
drbyronw/sw-test-assign1_S17/retirement.go:31.8,34.3 2 0
drbyronw/sw-test-assign1_S17/retirement.go:39.72,41.17 2 1
drbyronw/sw-test-assign1_S17/retirement.go:48.2,48.17 1 1
drbyronw/sw-test-assign1_S17/retirement.go:41.17,44.23 3 1
drbyronw/sw-test-assign1_S17/retirement.go:44.23,46.4 1 1
drbyronw/sw-test-assign1_S17/retirement.go:52.55,55.2 2 1
drbyronw/sw-test-assign1_S17/tip.go:15.21,25.16 9 0
drbyronw/sw-test-assign1_S17/tip.go:29.2,29.43 1 0
drbyronw/sw-test-assign1_S17/tip.go:25.16,27.3 1 0
drbyronw/sw-test-assign1_S17/tip.go:33.80,34.39 1 1
drbyronw/sw-test-assign1_S17/tip.go:37.2,43.63 6 1
drbyronw/sw-test-assign1_S17/tip.go:51.2,51.6 1 1
drbyronw/sw-test-assign1_S17/tip.go:61.2,61.20 1 1
drbyronw/sw-test-assign1_S17/tip.go:34.39,36.3 1 1
drbyronw/sw-test-assign1_S17/tip.go:43.63,44.39 1 1
drbyronw/sw-test-assign1_S17/tip.go:49.3,49.21 1 1
drbyronw/sw-test-assign1_S17/tip.go:44.39,47.4 2 1
drbyronw/sw-test-assign1_S17/tip.go:51.6,57.21 6 1
drbyronw/sw-test-assign1_S17/tip.go:57.21,58.9 1 1
drbyronw/sw-test-assign1_S17/tip.go:66.37,70.2 3 1
