mode: set
github.com/drbyronw/sw-test-assign1_S17/bmi.go:20.27,28.16 7 1
github.com/drbyronw/sw-test-assign1_S17/bmi.go:33.2,35.16 3 0
github.com/drbyronw/sw-test-assign1_S17/bmi.go:40.2,42.16 3 0
github.com/drbyronw/sw-test-assign1_S17/bmi.go:47.2,48.16 2 0
github.com/drbyronw/sw-test-assign1_S17/bmi.go:53.2,56.16 3 0
github.com/drbyronw/sw-test-assign1_S17/bmi.go:68.2,70.12 2 0
github.com/drbyronw/sw-test-assign1_S17/bmi.go:28.16,31.3 2 1
github.com/drbyronw/sw-test-assign1_S17/bmi.go:35.16,38.3 2 0
github.com/drbyronw/sw-test-assign1_S17/bmi.go:42.16,45.3 2 0
github.com/drbyronw/sw-test-assign1_S17/bmi.go:48.16,51.3 2 0
github.com/drbyronw/sw-test-assign1_S17/bmi.go:57.19,58.41 1 0
github.com/drbyronw/sw-test-assign1_S17/bmi.go:59.14,60.50 1 0
github.com/drbyronw/sw-test-assign1_S17/bmi.go:61.18,62.45 1 0
github.com/drbyronw/sw-test-assign1_S17/bmi.go:63.13,64.45 1 0
github.com/drbyronw/sw-test-assign1_S17/bmi.go:65.15,66.50 1 0
github.com/drbyronw/sw-test-assign1_S17/bmi.go:74.66,75.42 1 1
github.com/drbyronw/sw-test-assign1_S17/bmi.go:79.2,82.33 4 1
github.com/drbyronw/sw-test-assign1_S17/bmi.go:75.42,78.3 1 1
github.com/drbyronw/sw-test-assign1_S17/bmi.go:86.49,88.2 1 1
github.com/drbyronw/sw-test-assign1_S17/bmi.go:91.53,93.2 1 1
github.com/drbyronw/sw-test-assign1_S17/bmi.go:96.36,97.9 1 1
github.com/drbyronw/sw-test-assign1_S17/bmi.go:107.2,107.16 1 0
github.com/drbyronw/sw-test-assign1_S17/bmi.go:98.18,99.21 1 1
github.com/drbyronw/sw-test-assign1_S17/bmi.go:100.31,101.16 1 1
github.com/drbyronw/sw-test-assign1_S17/bmi.go:102.31,103.20 1 1
github.com/drbyronw/sw-test-assign1_S17/bmi.go:104.17,105.15 1 1
github.com/drbyronw/sw-test-assign1_S17/distance.go:11.32,19.16 6 0
github.com/drbyronw/sw-test-assign1_S17/distance.go:23.2,33.12 9 0
github.com/drbyronw/sw-test-assign1_S17/distance.go:19.16,22.3 2 0
github.com/drbyronw/sw-test-assign1_S17/distance.go:37.56,41.2 3 1
github.com/drbyronw/sw-test-assign1_S17/distance.go:44.37,46.2 1 1
github.com/drbyronw/sw-test-assign1_S17/email.go:14.23,27.26 9 0
github.com/drbyronw/sw-test-assign1_S17/email.go:32.2,32.17 1 0
github.com/drbyronw/sw-test-assign1_S17/email.go:27.26,29.3 1 0
github.com/drbyronw/sw-test-assign1_S17/email.go:29.3,31.3 1 0
github.com/drbyronw/sw-test-assign1_S17/email.go:36.39,39.2 2 1
github.com/drbyronw/sw-test-assign1_S17/main.go:9.13,11.6 1 0
github.com/drbyronw/sw-test-assign1_S17/main.go:11.6,25.17 12 0
github.com/drbyronw/sw-test-assign1_S17/main.go:26.12,27.22 1 0
github.com/drbyronw/sw-test-assign1_S17/main.go:28.12,29.25 1 0
github.com/drbyronw/sw-test-assign1_S17/main.go:30.12,31.27 1 0
github.com/drbyronw/sw-test-assign1_S17/main.go:32.12,33.20 1 0
github.com/drbyronw/sw-test-assign1_S17/main.go:34.12,35.14 1 0
github.com/drbyronw/sw-test-assign1_S17/main.go:36.11,38.14 2 0
github.com/drbyronw/sw-test-assign1_S17/main.go:44.23,45.16 1 0
github.com/drbyronw/sw-test-assign1_S17/main.go:45.16,46.13 1 0
github.com/drbyronw/sw-test-assign1_S17/retirement.go:9.28,28.12 15 0
github.com/drbyronw/sw-test-assign1_S17/retirement.go:28.12,31.3 2 0
github.com/drbyronw/sw-test-assign1_S17/retirement.go:31.3,34.3 2 0
github.com/drbyronw/sw-test-assign1_S17/retirement.go:38.72,41.17 2 1
github.com/drbyronw/sw-test-assign1_S17/retirement.go:50.2,50.17 1 1
github.com/drbyronw/sw-test-assign1_S17/retirement.go:41.17,45.23 3 1
github.com/drbyronw/sw-test-assign1_S17/retirement.go:45.23,47.4 1 1
github.com/drbyronw/sw-test-assign1_S17/retirement.go:54.55,57.2 2 1
