mode: set
sw-test-4-cd/unit-test-functions/retirement.go:15.40,18.16 3 0
sw-test-4-cd/unit-test-functions/retirement.go:22.2,23.16 2 0
sw-test-4-cd/unit-test-functions/retirement.go:27.2,28.16 2 0
sw-test-4-cd/unit-test-functions/retirement.go:32.2,33.16 2 0
sw-test-4-cd/unit-test-functions/retirement.go:38.2,41.16 3 0
sw-test-4-cd/unit-test-functions/retirement.go:45.2,46.8 2 0
sw-test-4-cd/unit-test-functions/retirement.go:18.16,21.3 2 0
sw-test-4-cd/unit-test-functions/retirement.go:23.16,26.3 2 0
sw-test-4-cd/unit-test-functions/retirement.go:28.16,31.3 2 0
sw-test-4-cd/unit-test-functions/retirement.go:33.16,36.3 2 0
sw-test-4-cd/unit-test-functions/retirement.go:41.16,44.3 2 0
sw-test-4-cd/unit-test-functions/retirement.go:52.76,54.17 2 1
sw-test-4-cd/unit-test-functions/retirement.go:61.2,61.17 1 1
sw-test-4-cd/unit-test-functions/retirement.go:54.17,57.23 3 1
sw-test-4-cd/unit-test-functions/retirement.go:57.23,59.4 1 1
sw-test-4-cd/unit-test-functions/retirement.go:65.55,68.2 2 1
sw-test-4-cd/unit-test-functions/tip.go:20.33,25.16 5 0
sw-test-4-cd/unit-test-functions/tip.go:31.2,32.16 2 0
sw-test-4-cd/unit-test-functions/tip.go:39.2,40.88 2 0
sw-test-4-cd/unit-test-functions/tip.go:25.16,30.3 4 0
sw-test-4-cd/unit-test-functions/tip.go:32.16,37.3 4 0
sw-test-4-cd/unit-test-functions/tip.go:44.21,54.16 9 0
sw-test-4-cd/unit-test-functions/tip.go:58.2,58.43 1 0
sw-test-4-cd/unit-test-functions/tip.go:54.16,56.3 1 0
sw-test-4-cd/unit-test-functions/tip.go:62.80,63.39 1 1
sw-test-4-cd/unit-test-functions/tip.go:66.2,72.63 6 1
sw-test-4-cd/unit-test-functions/tip.go:80.2,80.6 1 1
sw-test-4-cd/unit-test-functions/tip.go:90.2,91.20 2 1
sw-test-4-cd/unit-test-functions/tip.go:63.39,65.3 1 1
sw-test-4-cd/unit-test-functions/tip.go:72.63,73.39 1 1
sw-test-4-cd/unit-test-functions/tip.go:78.3,78.21 1 1
sw-test-4-cd/unit-test-functions/tip.go:73.39,76.4 2 1
sw-test-4-cd/unit-test-functions/tip.go:80.6,86.21 6 1
sw-test-4-cd/unit-test-functions/tip.go:86.21,87.9 1 1
sw-test-4-cd/unit-test-functions/tip.go:96.37,100.2 3 1
sw-test-4-cd/unit-test-functions/bmi.go:23.33,27.16 4 0
sw-test-4-cd/unit-test-functions/bmi.go:31.2,32.16 2 0
sw-test-4-cd/unit-test-functions/bmi.go:36.2,37.16 2 0
sw-test-4-cd/unit-test-functions/bmi.go:42.2,43.16 2 0
sw-test-4-cd/unit-test-functions/bmi.go:48.2,50.16 3 0
sw-test-4-cd/unit-test-functions/bmi.go:62.2,62.83 1 0
sw-test-4-cd/unit-test-functions/bmi.go:27.16,30.3 2 0
sw-test-4-cd/unit-test-functions/bmi.go:32.16,35.3 2 0
sw-test-4-cd/unit-test-functions/bmi.go:37.16,40.3 2 0
sw-test-4-cd/unit-test-functions/bmi.go:43.16,46.3 2 0
sw-test-4-cd/unit-test-functions/bmi.go:51.19,52.38 1 0
sw-test-4-cd/unit-test-functions/bmi.go:53.14,54.47 1 0
sw-test-4-cd/unit-test-functions/bmi.go:55.18,56.42 1 0
sw-test-4-cd/unit-test-functions/bmi.go:57.13,58.42 1 0
sw-test-4-cd/unit-test-functions/bmi.go:59.15,60.47 1 0
sw-test-4-cd/unit-test-functions/bmi.go:66.27,74.16 7 1
sw-test-4-cd/unit-test-functions/bmi.go:79.2,81.16 3 0
sw-test-4-cd/unit-test-functions/bmi.go:86.2,88.16 3 0
sw-test-4-cd/unit-test-functions/bmi.go:93.2,94.16 2 0
sw-test-4-cd/unit-test-functions/bmi.go:99.2,102.16 3 0
sw-test-4-cd/unit-test-functions/bmi.go:114.2,117.12 3 0
sw-test-4-cd/unit-test-functions/bmi.go:74.16,77.3 2 1
sw-test-4-cd/unit-test-functions/bmi.go:81.16,84.3 2 0
sw-test-4-cd/unit-test-functions/bmi.go:88.16,91.3 2 0
sw-test-4-cd/unit-test-functions/bmi.go:94.16,97.3 2 0
sw-test-4-cd/unit-test-functions/bmi.go:103.19,104.41 1 0
sw-test-4-cd/unit-test-functions/bmi.go:105.14,106.50 1 0
sw-test-4-cd/unit-test-functions/bmi.go:107.18,108.45 1 0
sw-test-4-cd/unit-test-functions/bmi.go:109.13,110.45 1 0
sw-test-4-cd/unit-test-functions/bmi.go:111.15,112.50 1 0
sw-test-4-cd/unit-test-functions/bmi.go:121.66,122.42 1 1
sw-test-4-cd/unit-test-functions/bmi.go:126.2,129.33 4 1
sw-test-4-cd/unit-test-functions/bmi.go:122.42,125.3 1 1
sw-test-4-cd/unit-test-functions/bmi.go:133.49,135.2 1 1
sw-test-4-cd/unit-test-functions/bmi.go:138.53,140.2 1 1
sw-test-4-cd/unit-test-functions/bmi.go:143.36,144.9 1 1
sw-test-4-cd/unit-test-functions/bmi.go:154.2,154.16 1 0
sw-test-4-cd/unit-test-functions/bmi.go:145.18,146.21 1 1
sw-test-4-cd/unit-test-functions/bmi.go:147.31,148.16 1 1
sw-test-4-cd/unit-test-functions/bmi.go:149.31,150.20 1 1
sw-test-4-cd/unit-test-functions/bmi.go:151.17,152.15 1 1
sw-test-4-cd/unit-test-functions/distance.go:15.38,18.16 3 0
sw-test-4-cd/unit-test-functions/distance.go:22.2,23.16 2 0
sw-test-4-cd/unit-test-functions/distance.go:27.2,28.16 2 0
sw-test-4-cd/unit-test-functions/distance.go:32.2,33.16 2 0
sw-test-4-cd/unit-test-functions/distance.go:37.2,39.146 2 0
sw-test-4-cd/unit-test-functions/distance.go:18.16,21.3 2 0
sw-test-4-cd/unit-test-functions/distance.go:23.16,26.3 2 0
sw-test-4-cd/unit-test-functions/distance.go:28.16,31.3 2 0
sw-test-4-cd/unit-test-functions/distance.go:33.16,36.3 2 0
sw-test-4-cd/unit-test-functions/distance.go:43.56,47.2 3 1
sw-test-4-cd/unit-test-functions/distance.go:50.37,52.2 1 1
sw-test-4-cd/unit-test-functions/email.go:11.35,13.28 2 0
sw-test-4-cd/unit-test-functions/email.go:17.2,17.101 1 0
sw-test-4-cd/unit-test-functions/email.go:13.28,16.3 2 0
sw-test-4-cd/unit-test-functions/email.go:21.39,24.2 2 1
sw-test-4-cd/unit-test-functions/main.go:12.13,19.2 6 0
sw-test-4-cd/unit-test-functions/main.go:30.2,31.18 2 0
sw-test-4-cd/unit-test-functions/main.go:19.2,20.37 1 0
sw-test-4-cd/unit-test-functions/main.go:23.3,27.30 5 0
sw-test-4-cd/unit-test-functions/main.go:20.37,22.4 1 0
sw-test-4-cd/unit-test-functions/main.go:35.23,36.16 1 0
sw-test-4-cd/unit-test-functions/main.go:36.16,37.13 1 0
